[2025-01-12 23:41:14,675: INFO: common: yaml file: config/config.yaml loaded successfully]
[2025-01-12 23:42:46,198: INFO: common: yaml file: config/config.yaml loaded successfully]
[2025-01-12 23:42:47,561: INFO: common: yaml file: config/config.yaml loaded successfully]
[2025-01-12 23:45:27,396: INFO: common: yaml file: config/config.yaml loaded successfully]
[2025-01-13 11:20:56,583: INFO: common: yaml file: config/config.yaml loaded successfully]
[2025-01-13 11:22:36,661: INFO: common: yaml file: config/config.yaml loaded successfully]
[2025-01-13 11:30:03,985: ERROR: 3484230960: Error in data ingestion process: DataIngestionConfig.__init__() missing 1 required positional argument: 'root_dir']
[2025-01-13 11:30:50,734: INFO: common: yaml file: config/config.yaml loaded successfully]
[2025-01-13 11:31:18,459: INFO: common: yaml file: config/config.yaml loaded successfully]
[2025-01-13 11:32:46,815: INFO: common: yaml file: config/config.yaml loaded successfully]
[2025-01-13 11:33:35,180: INFO: common: yaml file: config/config.yaml loaded successfully]
[2025-01-13 11:35:50,049: INFO: common: yaml file: /Users/pratham/Desktop/project/DeepKidney/config/config.yaml loaded successfully]
[2025-01-13 11:37:44,386: INFO: common: yaml file: /Users/pratham/Desktop/project/DeepKidney/config/config.yaml loaded successfully]
[2025-01-13 11:37:45,444: INFO: common: yaml file: /Users/pratham/Desktop/project/DeepKidney/config/config.yaml loaded successfully]
[2025-01-13 11:37:46,473: INFO: common: yaml file: /Users/pratham/Desktop/project/DeepKidney/config/config.yaml loaded successfully]
[2025-01-13 11:53:52,017: INFO: common: yaml file: config/config.yaml loaded successfully]
[2025-01-13 11:53:52,020: INFO: common: yaml file: params.yaml loaded successfully]
[2025-01-13 11:53:52,022: INFO: common: created directory at: artifacts]
[2025-01-13 11:53:52,023: INFO: common: created directory at: artifacts/data_ingestion]
[2025-01-13 11:53:52,023: INFO: 986331348: Downloading data from https://drive.google.com/file/d/1i0huDlxGe1CzjRoAiyVrbxj9GPoRzeFy/view?usp=drive_link into file artifacts/data_ingestion/data.zip]
[2025-01-13 11:54:17,612: INFO: 986331348: Downloaded data from https://drive.google.com/file/d/1i0huDlxGe1CzjRoAiyVrbxj9GPoRzeFy/view?usp=drive_link into file artifacts/data_ingestion/data.zip]
[2025-01-13 12:01:13,659: INFO: stage_01_data_ingestion: >>>>>> stage Data Ingestion stage started <<<<<<]
[2025-01-13 12:01:13,660: INFO: common: yaml file: config/config.yaml loaded successfully]
[2025-01-13 12:01:13,660: INFO: common: yaml file: params.yaml loaded successfully]
[2025-01-13 12:01:13,660: INFO: common: created directory at: artifacts]
[2025-01-13 12:01:13,660: INFO: common: created directory at: artifacts/data_ingestion]
[2025-01-13 12:01:13,660: INFO: data_ingestion: Downloading data from https://drive.google.com/file/d/1i0huDlxGe1CzjRoAiyVrbxj9GPoRzeFy/view?usp=drive_link into file artifacts/data_ingestion/data.zip]
[2025-01-13 12:01:28,209: INFO: data_ingestion: Downloaded data from https://drive.google.com/file/d/1i0huDlxGe1CzjRoAiyVrbxj9GPoRzeFy/view?usp=drive_link into file artifacts/data_ingestion/data.zip]
[2025-01-13 12:01:29,168: INFO: stage_01_data_ingestion: >>>>>> stage Data Ingestion stage completed <<<<<<

x==========x]
[2025-01-13 12:04:24,282: INFO: main: >>>>>> stage Data Ingestion stage started <<<<<<]
[2025-01-13 12:04:24,283: INFO: common: yaml file: config/config.yaml loaded successfully]
[2025-01-13 12:04:24,283: INFO: common: yaml file: params.yaml loaded successfully]
[2025-01-13 12:04:24,283: INFO: common: created directory at: artifacts]
[2025-01-13 12:04:24,283: INFO: common: created directory at: artifacts/data_ingestion]
[2025-01-13 12:04:24,284: INFO: data_ingestion: Downloading data from https://drive.google.com/file/d/1i0huDlxGe1CzjRoAiyVrbxj9GPoRzeFy/view?usp=drive_link into file artifacts/data_ingestion/data.zip]
[2025-01-13 12:04:36,795: INFO: data_ingestion: Downloaded data from https://drive.google.com/file/d/1i0huDlxGe1CzjRoAiyVrbxj9GPoRzeFy/view?usp=drive_link into file artifacts/data_ingestion/data.zip]
[2025-01-13 12:04:37,890: INFO: main: >>>>>> stage Data Ingestion stage completed <<<<<<

x==========x]
